14/11/21 18:30:04: discordBot: Bot is ready!
14/11/21 18:30:40: discordBot: 
Start bot
14/11/21 18:30:40: Database: Add new guild Test bo server <773424618148331552>
14/11/21 18:30:40: Database: Add new guild â–¿ğ•“ğ•’ğ•ğ••ğ•–ğ•›â–µ <798129226506698784>
14/11/21 18:30:40: discordBot: Bot is ready!
14/11/21 18:31:22: discordBot: 
Start bot
14/11/21 18:31:22: Database: Add new guild Test bo server <773424618148331552>
14/11/21 18:31:22: Database: Add new guild â–¿ğ•“ğ•’ğ•ğ••ğ•–ğ•›â–µ <798129226506698784>
14/11/21 18:31:22: discordBot: Bot is ready!
14/11/21 18:32:00: discordBot: 
Start bot
14/11/21 18:32:00: Database: Add new guild Test bo server <773424618148331552>
14/11/21 18:32:00: Database: Add new guild â–¿ğ•“ğ•’ğ•ğ••ğ•–ğ•›â–µ <798129226506698784>
14/11/21 18:32:00: discordBot: Bot is ready!
14/11/21 18:32:42: discordBot: 
Start bot
14/11/21 18:32:42: Database: Add new guild Test bo server <773424618148331552>
14/11/21 18:32:42: Database: Add new guild â–¿ğ•“ğ•’ğ•ğ••ğ•–ğ•›â–µ <798129226506698784>
14/11/21 18:32:42: discordBot: Bot is ready!
14/11/21 18:33:01: discordBot: 
Start bot
14/11/21 18:33:01: Database: Add new guild Test bo server <773424618148331552>
14/11/21 18:33:01: Database: Add new guild â–¿ğ•“ğ•’ğ•ğ••ğ•–ğ•›â–µ <798129226506698784>
14/11/21 18:33:01: discordBot: Bot is ready!
14/11/21 18:34:18: discordBot: 
Start bot
14/11/21 18:34:18: Database: Add new guild Test bo server <773424618148331552>
14/11/21 18:34:18: Database: Add new guild â–¿ğ•“ğ•’ğ•ğ••ğ•–ğ•›â–µ <798129226506698784>
14/11/21 18:34:18: discordBot: Bot is ready!
14/11/21 18:34:56: discordBot: 
Start bot
14/11/21 18:34:56: Database: Add new guild Test bo server <773424618148331552>
14/11/21 18:34:56: Database: Add new guild â–¿ğ•“ğ•’ğ•ğ••ğ•–ğ•›â–µ <798129226506698784>
14/11/21 18:34:56: discordBot: Bot is ready!
14/11/21 18:36:25: discordBot: 
Start bot
14/11/21 18:36:25: Database: Add new guild Test bo server <773424618148331552>
14/11/21 18:36:25: Database: Add new guild â–¿ğ•“ğ•’ğ•ğ••ğ•–ğ•›â–µ <798129226506698784>
14/11/21 18:36:25: discordBot: Bot is ready!
14/11/21 18:39:21: discordBot: 
Start bot
14/11/21 18:39:21: Database: Add new guild Test bo server <773424618148331552>
14/11/21 18:39:21: Database: Add new guild â–¿ğ•“ğ•’ğ•ğ••ğ•–ğ•›â–µ <798129226506698784>
14/11/21 18:39:21: discordBot: Bot is ready!
14/11/21 18:44:44: discordBot: 
Start bot
14/11/21 18:44:44: Database: Add new guild Test bo server <773424618148331552>
14/11/21 18:44:44: Database: Add new guild â–¿ğ•“ğ•’ğ•ğ••ğ•–ğ•›â–µ <798129226506698784>
14/11/21 18:44:44: discordBot: Bot is ready!
14/11/21 18:48:29: discordBot: 
Start bot
14/11/21 18:48:29: Database: Add new guild Test bo server <773424618148331552>
14/11/21 18:48:29: Database: Add new guild â–¿ğ•“ğ•’ğ•ğ••ğ•–ğ•›â–µ <798129226506698784>
14/11/21 18:48:29: discordBot: Bot is ready!
14/11/21 18:54:36: discordBot: 
Start bot
14/11/21 18:54:36: Database: Add new guild Test bo server <773424618148331552>
14/11/21 18:54:36: Database: Add new guild â–¿ğ•“ğ•’ğ•ğ••ğ•–ğ•›â–µ <798129226506698784>
14/11/21 18:54:36: discordBot: Bot is ready!
14/11/21 18:55:09: discordBot: 
Start bot
14/11/21 18:55:09: Database: Add new guild Test bo server <773424618148331552>
14/11/21 18:55:09: Database: Add new guild â–¿ğ•“ğ•’ğ•ğ••ğ•–ğ•›â–µ <798129226506698784>
14/11/21 18:55:09: discordBot: Bot is ready!
14/11/21 18:55:36: discordBot: 
Start bot
14/11/21 18:55:36: Database: Add new guild Test bo server <773424618148331552>
14/11/21 18:55:36: Database: Add new guild â–¿ğ•“ğ•’ğ•ğ••ğ•–ğ•›â–µ <798129226506698784>
14/11/21 18:55:36: discordBot: Bot is ready!
14/11/21 18:57:01: discordBot: 
Start bot
14/11/21 18:57:01: Database: Add new guild Test bo server <773424618148331552>
14/11/21 18:57:01: Database: Add new guild â–¿ğ•“ğ•’ğ•ğ••ğ•–ğ•›â–µ <798129226506698784>
14/11/21 18:57:01: discordBot: Bot is ready!
14/11/21 19:16:42: discordBot: 
Start bot
14/11/21 19:16:42: Database: Add new guild Test bo server <773424618148331552>
14/11/21 19:16:42: Database: Add new guild â–¿ğ•“ğ•’ğ•ğ••ğ•–ğ•›â–µ <798129226506698784>
14/11/21 19:16:42: discordBot: Bot is ready!
14/11/21 19:17:16: Database: Add achieve in â–¿ğ•“ğ•’ğ•ğ••ğ•–ğ•›â–µ to <@698146482360025164>: Ğ”Ğ¾Ğ»Ğ³Ğ¸Ğ¹ Ñ€Ğ°Ğ·Ğ³Ğ¾Ğ²Ğ¾Ñ€<ĞŸÑ€Ğ¾ÑĞ¸Ğ´Ğ¸ Ğ² Ğ³Ğ¾Ğ»Ğ¾ÑĞ¾Ğ²Ğ¾Ğ¼ ĞºĞ°Ğ½Ğ°Ğ»Ğµ 24 Ñ‡Ğ°ÑĞ°><medium>
14/11/21 19:17:29: Database: Add achieve in â–¿ğ•“ğ•’ğ•ğ••ğ•–ğ•›â–µ to <@698146482360025164>: ĞšÑ€ÑƒÑ‚Ğ¾Ğ¹<Ğ¡Ğ¾Ğ±ĞµÑ€Ğ¸ Ğ²ÑĞµ Ğ°Ñ‡Ğ¸Ğ²ĞºĞ¸ Ğ¿ĞµÑ€Ğ²Ğ¾Ğ³Ğ¾ ÑĞµĞ·Ğ¾Ğ½Ğ°><demon>
14/11/21 22:29:32: Database: Add achieve in â–¿ğ•“ğ•’ğ•ğ••ğ•–ğ•›â–µ to <@790650766678425640>: ĞŸĞµÑ€Ğ²Ğ¾Ğµ ÑĞ»Ğ¾Ğ²Ğ¾<ĞĞ°Ğ¿Ğ¸ÑˆĞ¸ Ğ¾Ğ´Ğ½Ğ¾ ÑĞ¾Ğ¾Ğ±Ñ‰ĞµĞ½Ğ¸Ğµ><low>
22/02/22 02:11:01: discordBot: 
Start bot
22/02/22 02:11:01: Database: Add new guild Test bot server <773424618148331552>
22/02/22 02:11:01: Database: Add new guild â–¿ğ•“ğ•’ğ•ğ••ğ•–ğ•›â–µ <798129226506698784>
22/02/22 02:11:01: discordBot: Bot is ready!
