14/11/21 18:31:22: Listener: Run
14/11/21 18:32:00: module 'Database.G_798129226506698784.Scripts.invite_counter' has no attribute 'init': Exception while init script: 
14/11/21 18:32:00: init() missing 2 required positional arguments: '_add_achievement' and '_vc_chat_calc': Exception while init script: 
14/11/21 18:32:00: Listener: Run
14/11/21 18:32:42: module 'Database.G_798129226506698784.Scripts.invite_counter' has no attribute 'init': Exception while init script: 
14/11/21 18:32:42: init() missing 2 required positional arguments: '_add_achievement' and '_vc_chat_calc': Exception while init script: 
14/11/21 18:32:42: Listener: Run
14/11/21 18:33:01: module 'Database.G_798129226506698784.Scripts.invite_counter' has no attribute 'init': Exception while init script: 
14/11/21 18:33:01: init() missing 2 required positional arguments: '_add_achievement' and '_vc_chat_calc': Exception while init script: 
14/11/21 18:33:01: Listener: Run
14/11/21 18:34:18: module 'Database.G_798129226506698784.Scripts.invite_counter' has no attribute 'init': Exception while init script: 
14/11/21 18:34:18: init() missing 2 required positional arguments: '_add_achievement' and '_vc_chat_calc': Exception while init script: 
14/11/21 18:34:18: Listener: Run
14/11/21 18:34:56: module 'Database.G_798129226506698784.Scripts.invite_counter' has no attribute 'init': Exception while init script: 
14/11/21 18:34:56: init() missing 2 required positional arguments: '_add_achievement' and '_vc_chat_calc': Exception while init script: 
14/11/21 18:34:56: Listener: Run
14/11/21 18:36:25: module 'Database.G_798129226506698784.Scripts.invite_counter' has no attribute 'init': Exception while init script: 
14/11/21 18:36:25: init() missing 2 required positional arguments: '_add_achievement' and '_vc_chat_calc': Exception while init script: 
14/11/21 18:36:25: Listener: Run
14/11/21 18:39:21: module 'Database.G_798129226506698784.Scripts.invite_counter' has no attribute 'init': Exception while init script: 
14/11/21 18:39:21: init() missing 2 required positional arguments: '_add_achievement' and '_vc_chat_calc': Exception while init script: 
14/11/21 18:39:21: Listener: Run
14/11/21 18:44:44: module 'Database.G_798129226506698784.Scripts.invite_counter' has no attribute 'init': Exception while init script: 
14/11/21 18:44:44: init() missing 2 required positional arguments: '_add_achievement' and '_vc_chat_calc': Exception while init script: 
14/11/21 18:44:44: Listener: Run
14/11/21 18:48:29: module 'Database.G_798129226506698784.Scripts.invite_counter' has no attribute 'init': Exception while init script: 
14/11/21 18:48:29: init() missing 2 required positional arguments: '_add_achievement' and '_vc_chat_calc': Exception while init script: 
14/11/21 18:48:29: Listener: Run
14/11/21 18:54:36: module 'Database.G_798129226506698784.Scripts.invite_counter' has no attribute 'init': Exception while init script: 
14/11/21 18:54:36: init() missing 2 required positional arguments: '_add_achievement' and '_vc_chat_calc': Exception while init script: 
14/11/21 18:54:36: Listener: Run
14/11/21 18:55:09: module 'Database.G_798129226506698784.Scripts.invite_counter' has no attribute 'init': Exception while init script: 
14/11/21 18:55:09: init() missing 2 required positional arguments: '_add_achievement' and '_vc_chat_calc': Exception while init script: 
14/11/21 18:55:09: Listener: Run
14/11/21 18:55:36: module 'Database.G_798129226506698784.Scripts.invite_counter' has no attribute 'init': Exception while init script: 
14/11/21 18:55:36: init() missing 2 required positional arguments: '_add_achievement' and '_vc_chat_calc': Exception while init script: 
14/11/21 18:55:36: Listener: Run
14/11/21 18:57:01: module 'Database.G_798129226506698784.Scripts.invite_counter' has no attribute 'init': Exception while init script: 
14/11/21 18:57:01: init() missing 2 required positional arguments: '_add_achievement' and '_vc_chat_calc': Exception while init script: 
14/11/21 18:57:01: Listener: Run
14/11/21 19:16:42: module 'Database.G_798129226506698784.Scripts.invite_counter' has no attribute 'init': Exception while init script: 
14/11/21 19:16:42: init() missing 2 required positional arguments: '_add_achievement' and '_vc_chat_calc': Exception while init script: 
14/11/21 19:16:42: Listener: Run
14/11/21 19:17:16: Listener: Nikita0607 has got achievement: Долгий разговор
14/11/21 19:17:29: Listener: Nikita0607 has got achievement: Крутой
14/11/21 22:29:32: Listener: [FRANXX}~ has got achievement: Первое слово
